PLINK v1.90b3 64-bit (11 Jan 2015)
7 arguments: --bfile /well/mcvean/ukbb12788/mtutert/genotyped_qc_wba/ukbb_genotype_qc_wba_chr1 --extract test_rsid --keep-allele-order --r square
Hostname: rescomp2.hpc.in.bmrc.ox.ac.uk
Working directory: /gpfs3/well/mcvean/mtutert/thesis_code/thesis_code/ld_inference
Start time: Thu Apr 22 15:40:17 2021

Random number seed: 1619102417
385574 MB RAM detected; reserving 192787 MB for main workspace.
Allocated 144590 MB successfully, after larger attempt(s) failed.
39748 variants loaded from .bim file.
361381 people (163779 males, 197539 females, 63 ambiguous) loaded from .fam.
Ambiguous sex IDs written to plink.nosex .
--extract: 95 variants remaining.
Using up to 23 threads (change this with --threads).
Before main variant filters, 361381 founders and 0 nonfounders present.
Calculating allele frequencies... done.
Total genotyping rate is 0.995587.
95 variants and 361381 people pass filters and QC.
Note: No phenotypes present.
--r square to plink.ld ... done.

End time: Thu Apr 22 15:40:18 2021
